* using log directory ‘/Users/kusti/Documents/code/repos/robarma-r/robarma.Rcheck’
* using R version 4.6.0 (2026-04-24)
* using platform: aarch64-apple-darwin25.4.0
* R was compiled by
    Apple clang version 21.0.0 (clang-2100.0.123.102)
    GNU Fortran (Homebrew GCC 15.2.0_1) 15.2.0
* running under: macOS Tahoe 26.3
* using session charset: UTF-8
* current time: 2026-05-21 06:52:43 UTC
* using option ‘--as-cran’
* checking for file ‘robarma/DESCRIPTION’ ... OK
* checking extension type ... Package
* this is package ‘robarma’ version ‘0.1.0’
* package encoding: UTF-8
* checking CRAN incoming feasibility ... NOTE
Maintainer: ‘Kusti Aholainen <kusti.aholainen@gmail.com>’

New submission
* checking package namespace information ... OK
* checking package dependencies ... OK
* checking if this is a source package ... OK
* checking if there is a namespace ... OK
* checking for executable files ... OK
* checking for hidden files and directories ... OK
* checking for portable file names ... OK
* checking for sufficient/correct file permissions ... OK
* checking serialization versions ... OK
* checking whether package ‘robarma’ can be installed ... ERROR
Installation failed.
See ‘/Users/kusti/Documents/code/repos/robarma-r/robarma.Rcheck/00install.out’ for details.
* DONE
Status: 1 ERROR, 1 NOTE
